2018-08-24 04:35:03,419 WARN  [org.hibernate.cfg.SettingsFactory] [localhost-startStop-1] Could not obtain connection metadata
org.apache.commons.dbcp.SQLNestedException: Cannot load JDBC driver class 'org.gjt.mm.mysql.Driver'
	at org.apache.commons.dbcp.BasicDataSource.createConnectionFactory(BasicDataSource.java:1429)
	at org.apache.commons.dbcp.BasicDataSource.createDataSource(BasicDataSource.java:1371)
	at org.apache.commons.dbcp.BasicDataSource.getConnection(BasicDataSource.java:1044)
	at org.springframework.orm.hibernate3.LocalDataSourceConnectionProvider.getConnection(LocalDataSourceConnectionProvider.java:83)
	at org.hibernate.cfg.SettingsFactory.buildSettings(SettingsFactory.java:84)
	at org.hibernate.cfg.Configuration.buildSettings(Configuration.java:2079)
	at org.hibernate.cfg.Configuration.buildSessionFactory(Configuration.java:1304)
	at org.springframework.orm.hibernate3.LocalSessionFactoryBean.newSessionFactory(LocalSessionFactoryBean.java:863)
	at org.springframework.orm.hibernate3.LocalSessionFactoryBean.buildSessionFactory(LocalSessionFactoryBean.java:782)
	at org.springframework.orm.hibernate3.AbstractSessionFactoryBean.afterPropertiesSet(AbstractSessionFactoryBean.java:188)
	at org.springframework.beans.factory.support.AbstractAutowireCapableBeanFactory.invokeInitMethods(AbstractAutowireCapableBeanFactory.java:1573)
	at org.springframework.beans.factory.support.AbstractAutowireCapableBeanFactory.initializeBean(AbstractAutowireCapableBeanFactory.java:1511)
	at org.springframework.beans.factory.support.AbstractAutowireCapableBeanFactory.doCreateBean(AbstractAutowireCapableBeanFactory.java:521)
	at org.springframework.beans.factory.support.AbstractAutowireCapableBeanFactory.createBean(AbstractAutowireCapableBeanFactory.java:458)
	at org.springframework.beans.factory.support.AbstractBeanFactory$1.getObject(AbstractBeanFactory.java:293)
	at org.springframework.beans.factory.support.DefaultSingletonBeanRegistry.getSingleton(DefaultSingletonBeanRegistry.java:223)
	at org.springframework.beans.factory.support.AbstractBeanFactory.doGetBean(AbstractBeanFactory.java:290)
	at org.springframework.beans.factory.support.AbstractBeanFactory.getBean(AbstractBeanFactory.java:191)
	at org.springframework.beans.factory.support.BeanDefinitionValueResolver.resolveReference(BeanDefinitionValueResolver.java:328)
	at org.springframework.beans.factory.support.BeanDefinitionValueResolver.resolveValueIfNecessary(BeanDefinitionValueResolver.java:108)
	at org.springframework.beans.factory.support.AbstractAutowireCapableBeanFactory.applyPropertyValues(AbstractAutowireCapableBeanFactory.java:1419)
	at org.springframework.beans.factory.support.AbstractAutowireCapableBeanFactory.populateBean(AbstractAutowireCapableBeanFactory.java:1160)
	at org.springframework.beans.factory.support.AbstractAutowireCapableBeanFactory.doCreateBean(AbstractAutowireCapableBeanFactory.java:519)
	at org.springframework.beans.factory.support.AbstractAutowireCapableBeanFactory.createBean(AbstractAutowireCapableBeanFactory.java:458)
	at org.springframework.beans.factory.support.AbstractBeanFactory$1.getObject(AbstractBeanFactory.java:293)
	at org.springframework.beans.factory.support.DefaultSingletonBeanRegistry.getSingleton(DefaultSingletonBeanRegistry.java:223)
	at org.springframework.beans.factory.support.AbstractBeanFactory.doGetBean(AbstractBeanFactory.java:290)
	at org.springframework.beans.factory.support.AbstractBeanFactory.getBean(AbstractBeanFactory.java:191)
	at org.springframework.beans.factory.support.AbstractBeanFactory.doGetBean(AbstractBeanFactory.java:283)
	at org.springframework.beans.factory.support.AbstractBeanFactory.getBean(AbstractBeanFactory.java:191)
	at org.springframework.beans.factory.support.BeanDefinitionValueResolver.resolveReference(BeanDefinitionValueResolver.java:328)
	at org.springframework.beans.factory.support.BeanDefinitionValueResolver.resolveValueIfNecessary(BeanDefinitionValueResolver.java:108)
	at org.springframework.beans.factory.support.AbstractAutowireCapableBeanFactory.applyPropertyValues(AbstractAutowireCapableBeanFactory.java:1419)
	at org.springframework.beans.factory.support.AbstractAutowireCapableBeanFactory.populateBean(AbstractAutowireCapableBeanFactory.java:1160)
	at org.springframework.beans.factory.support.AbstractAutowireCapableBeanFactory.doCreateBean(AbstractAutowireCapableBeanFactory.java:519)
	at org.springframework.beans.factory.support.AbstractAutowireCapableBeanFactory.createBean(AbstractAutowireCapableBeanFactory.java:458)
	at org.springframework.beans.factory.support.AbstractBeanFactory$1.getObject(AbstractBeanFactory.java:293)
	at org.springframework.beans.factory.support.DefaultSingletonBeanRegistry.getSingleton(DefaultSingletonBeanRegistry.java:223)
	at org.springframework.beans.factory.support.AbstractBeanFactory.doGetBean(AbstractBeanFactory.java:290)
	at org.springframework.beans.factory.support.AbstractBeanFactory.getBean(AbstractBeanFactory.java:191)
	at org.springframework.beans.factory.support.AbstractBeanFactory.isSingleton(AbstractBeanFactory.java:412)
	at org.springframework.beans.factory.config.PropertyPathFactoryBean.setBeanFactory(PropertyPathFactoryBean.java:184)
	at org.springframework.beans.factory.support.AbstractAutowireCapableBeanFactory.invokeAwareMethods(AbstractAutowireCapableBeanFactory.java:1534)
	at org.springframework.beans.factory.support.AbstractAutowireCapableBeanFactory.initializeBean(AbstractAutowireCapableBeanFactory.java:1502)
	at org.springframework.beans.factory.support.AbstractAutowireCapableBeanFactory.doCreateBean(AbstractAutowireCapableBeanFactory.java:521)
	at org.springframework.beans.factory.support.AbstractAutowireCapableBeanFactory.createBean(AbstractAutowireCapableBeanFactory.java:458)
	at org.springframework.beans.factory.support.BeanDefinitionValueResolver.resolveInnerBean(BeanDefinitionValueResolver.java:276)
	at org.springframework.beans.factory.support.BeanDefinitionValueResolver.resolveValueIfNecessary(BeanDefinitionValueResolver.java:122)
	at org.springframework.beans.factory.support.AbstractAutowireCapableBeanFactory.applyPropertyValues(AbstractAutowireCapableBeanFactory.java:1419)
	at org.springframework.beans.factory.support.AbstractAutowireCapableBeanFactory.populateBean(AbstractAutowireCapableBeanFactory.java:1160)
	at org.springframework.beans.factory.support.AbstractAutowireCapableBeanFactory.doCreateBean(AbstractAutowireCapableBeanFactory.java:519)
	at org.springframework.beans.factory.support.AbstractAutowireCapableBeanFactory.createBean(AbstractAutowireCapableBeanFactory.java:458)
	at org.springframework.beans.factory.support.AbstractBeanFactory$1.getObject(AbstractBeanFactory.java:293)
	at org.springframework.beans.factory.support.DefaultSingletonBeanRegistry.getSingleton(DefaultSingletonBeanRegistry.java:223)
	at org.springframework.beans.factory.support.AbstractBeanFactory.doGetBean(AbstractBeanFactory.java:290)
	at org.springframework.beans.factory.support.AbstractBeanFactory.getBean(AbstractBeanFactory.java:191)
	at org.springframework.beans.factory.support.BeanDefinitionValueResolver.resolveReference(BeanDefinitionValueResolver.java:328)
	at org.springframework.beans.factory.support.BeanDefinitionValueResolver.resolveValueIfNecessary(BeanDefinitionValueResolver.java:108)
	at org.springframework.beans.factory.support.AbstractAutowireCapableBeanFactory.applyPropertyValues(AbstractAutowireCapableBeanFactory.java:1419)
	at org.springframework.beans.factory.support.AbstractAutowireCapableBeanFactory.populateBean(AbstractAutowireCapableBeanFactory.java:1160)
	at org.springframework.beans.factory.support.AbstractAutowireCapableBeanFactory.doCreateBean(AbstractAutowireCapableBeanFactory.java:519)
	at org.springframework.beans.factory.support.AbstractAutowireCapableBeanFactory.createBean(AbstractAutowireCapableBeanFactory.java:458)
	at org.springframework.beans.factory.support.AbstractBeanFactory$1.getObject(AbstractBeanFactory.java:293)
	at org.springframework.beans.factory.support.DefaultSingletonBeanRegistry.getSingleton(DefaultSingletonBeanRegistry.java:223)
	at org.springframework.beans.factory.support.AbstractBeanFactory.doGetBean(AbstractBeanFactory.java:290)
	at org.springframework.beans.factory.support.AbstractBeanFactory.getBean(AbstractBeanFactory.java:191)
	at org.springframework.beans.factory.support.BeanDefinitionValueResolver.resolveReference(BeanDefinitionValueResolver.java:328)
	at org.springframework.beans.factory.support.BeanDefinitionValueResolver.resolveValueIfNecessary(BeanDefinitionValueResolver.java:108)
	at org.springframework.beans.factory.support.ConstructorResolver.resolveConstructorArguments(ConstructorResolver.java:637)
	at org.springframework.beans.factory.support.ConstructorResolver.autowireConstructor(ConstructorResolver.java:145)
	at org.springframework.beans.factory.support.AbstractAutowireCapableBeanFactory.autowireConstructor(AbstractAutowireCapableBeanFactory.java:1077)
	at org.springframework.beans.factory.support.AbstractAutowireCapableBeanFactory.createBeanInstance(AbstractAutowireCapableBeanFactory.java:981)
	at org.springframework.beans.factory.support.AbstractAutowireCapableBeanFactory.doCreateBean(AbstractAutowireCapableBeanFactory.java:487)
	at org.springframework.beans.factory.support.AbstractAutowireCapableBeanFactory.createBean(AbstractAutowireCapableBeanFactory.java:458)
	at org.springframework.beans.factory.support.AbstractBeanFactory$1.getObject(AbstractBeanFactory.java:293)
	at org.springframework.beans.factory.support.DefaultSingletonBeanRegistry.getSingleton(DefaultSingletonBeanRegistry.java:223)
	at org.springframework.beans.factory.support.AbstractBeanFactory.doGetBean(AbstractBeanFactory.java:290)
	at org.springframework.beans.factory.support.AbstractBeanFactory.getBean(AbstractBeanFactory.java:191)
	at org.springframework.beans.factory.support.BeanDefinitionValueResolver.resolveReference(BeanDefinitionValueResolver.java:328)
	at org.springframework.beans.factory.support.BeanDefinitionValueResolver.resolveValueIfNecessary(BeanDefinitionValueResolver.java:108)
	at org.springframework.beans.factory.support.AbstractAutowireCapableBeanFactory.applyPropertyValues(AbstractAutowireCapableBeanFactory.java:1419)
	at org.springframework.beans.factory.support.AbstractAutowireCapableBeanFactory.populateBean(AbstractAutowireCapableBeanFactory.java:1160)
	at org.springframework.beans.factory.support.AbstractAutowireCapableBeanFactory.doCreateBean(AbstractAutowireCapableBeanFactory.java:519)
	at org.springframework.beans.factory.support.AbstractAutowireCapableBeanFactory.createBean(AbstractAutowireCapableBeanFactory.java:458)
	at org.springframework.beans.factory.support.AbstractBeanFactory$1.getObject(AbstractBeanFactory.java:293)
	at org.springframework.beans.factory.support.DefaultSingletonBeanRegistry.getSingleton(DefaultSingletonBeanRegistry.java:223)
	at org.springframework.beans.factory.support.AbstractBeanFactory.doGetBean(AbstractBeanFactory.java:290)
	at org.springframework.beans.factory.support.AbstractBeanFactory.getBean(AbstractBeanFactory.java:191)
	at org.springframework.beans.factory.support.BeanDefinitionValueResolver.resolveReference(BeanDefinitionValueResolver.java:328)
	at org.springframework.beans.factory.support.BeanDefinitionValueResolver.resolveValueIfNecessary(BeanDefinitionValueResolver.java:108)
	at org.springframework.beans.factory.support.AbstractAutowireCapableBeanFactory.applyPropertyValues(AbstractAutowireCapableBeanFactory.java:1419)
	at org.springframework.beans.factory.support.AbstractAutowireCapableBeanFactory.populateBean(AbstractAutowireCapableBeanFactory.java:1160)
	at org.springframework.beans.factory.support.AbstractAutowireCapableBeanFactory.doCreateBean(AbstractAutowireCapableBeanFactory.java:519)
	at org.springframework.beans.factory.support.AbstractAutowireCapableBeanFactory.createBean(AbstractAutowireCapableBeanFactory.java:458)
	at org.springframework.beans.factory.support.AbstractBeanFactory$1.getObject(AbstractBeanFactory.java:293)
	at org.springframework.beans.factory.support.DefaultSingletonBeanRegistry.getSingleton(DefaultSingletonBeanRegistry.java:223)
	at org.springframework.beans.factory.support.AbstractBeanFactory.doGetBean(AbstractBeanFactory.java:290)
	at org.springframework.beans.factory.support.AbstractBeanFactory.getBean(AbstractBeanFactory.java:191)
	at org.springframework.beans.factory.support.BeanDefinitionValueResolver.resolveReference(BeanDefinitionValueResolver.java:328)
	at org.springframework.beans.factory.support.BeanDefinitionValueResolver.resolveValueIfNecessary(BeanDefinitionValueResolver.java:108)
	at org.springframework.beans.factory.support.AbstractAutowireCapableBeanFactory.applyPropertyValues(AbstractAutowireCapableBeanFactory.java:1419)
	at org.springframework.beans.factory.support.AbstractAutowireCapableBeanFactory.populateBean(AbstractAutowireCapableBeanFactory.java:1160)
	at org.springframework.beans.factory.support.AbstractAutowireCapableBeanFactory.doCreateBean(AbstractAutowireCapableBeanFactory.java:519)
	at org.springframework.beans.factory.support.AbstractAutowireCapableBeanFactory.createBean(AbstractAutowireCapableBeanFactory.java:458)
	at org.springframework.beans.factory.support.AbstractBeanFactory$1.getObject(AbstractBeanFactory.java:293)
	at org.springframework.beans.factory.support.DefaultSingletonBeanRegistry.getSingleton(DefaultSingletonBeanRegistry.java:223)
	at org.springframework.beans.factory.support.AbstractBeanFactory.doGetBean(AbstractBeanFactory.java:290)
	at org.springframework.beans.factory.support.AbstractBeanFactory.getBean(AbstractBeanFactory.java:191)
	at org.springframework.beans.factory.support.AbstractBeanFactory.doGetBean(AbstractBeanFactory.java:283)
	at org.springframework.beans.factory.support.AbstractBeanFactory.getBean(AbstractBeanFactory.java:191)
	at org.springframework.beans.factory.support.BeanDefinitionValueResolver.resolveReference(BeanDefinitionValueResolver.java:328)
	at org.springframework.beans.factory.support.BeanDefinitionValueResolver.resolveValueIfNecessary(BeanDefinitionValueResolver.java:108)
	at org.springframework.beans.factory.support.AbstractAutowireCapableBeanFactory.applyPropertyValues(AbstractAutowireCapableBeanFactory.java:1419)
	at org.springframework.beans.factory.support.AbstractAutowireCapableBeanFactory.populateBean(AbstractAutowireCapableBeanFactory.java:1160)
	at org.springframework.beans.factory.support.AbstractAutowireCapableBeanFactory.doCreateBean(AbstractAutowireCapableBeanFactory.java:519)
	at org.springframework.beans.factory.support.AbstractAutowireCapableBeanFactory.createBean(AbstractAutowireCapableBeanFactory.java:458)
	at org.springframework.beans.factory.support.AbstractBeanFactory$1.getObject(AbstractBeanFactory.java:293)
	at org.springframework.beans.factory.support.DefaultSingletonBeanRegistry.getSingleton(DefaultSingletonBeanRegistry.java:223)
	at org.springframework.beans.factory.support.AbstractBeanFactory.doGetBean(AbstractBeanFactory.java:290)
	at org.springframework.beans.factory.support.AbstractBeanFactory.getBean(AbstractBeanFactory.java:191)
	at org.springframework.beans.factory.support.BeanDefinitionValueResolver.resolveReference(BeanDefinitionValueResolver.java:328)
	at org.springframework.beans.factory.support.BeanDefinitionValueResolver.resolveValueIfNecessary(BeanDefinitionValueResolver.java:108)
	at org.springframework.beans.factory.support.BeanDefinitionValueResolver.resolveManagedList(BeanDefinitionValueResolver.java:358)
	at org.springframework.beans.factory.support.BeanDefinitionValueResolver.resolveValueIfNecessary(BeanDefinitionValueResolver.java:157)
	at org.springframework.beans.factory.support.AbstractAutowireCapableBeanFactory.applyPropertyValues(AbstractAutowireCapableBeanFactory.java:1419)
	at org.springframework.beans.factory.support.AbstractAutowireCapableBeanFactory.populateBean(AbstractAutowireCapableBeanFactory.java:1160)
	at org.springframework.beans.factory.support.AbstractAutowireCapableBeanFactory.doCreateBean(AbstractAutowireCapableBeanFactory.java:519)
	at org.springframework.beans.factory.support.AbstractAutowireCapableBeanFactory.createBean(AbstractAutowireCapableBeanFactory.java:458)
	at org.springframework.beans.factory.support.AbstractBeanFactory$1.getObject(AbstractBeanFactory.java:293)
	at org.springframework.beans.factory.support.DefaultSingletonBeanRegistry.getSingleton(DefaultSingletonBeanRegistry.java:223)
	at org.springframework.beans.factory.support.AbstractBeanFactory.doGetBean(AbstractBeanFactory.java:290)
	at org.springframework.beans.factory.support.AbstractBeanFactory.getBean(AbstractBeanFactory.java:195)
	at org.springframework.context.support.AbstractApplicationContext.getBean(AbstractApplicationContext.java:1127)
	at org.springframework.context.support.AbstractApplicationContext.invokeBeanFactoryPostProcessors(AbstractApplicationContext.java:679)
	at org.springframework.context.support.AbstractApplicationContext.refresh(AbstractApplicationContext.java:461)
	at org.springframework.web.context.ContextLoader.configureAndRefreshWebApplicationContext(ContextLoader.java:410)
	at org.springframework.web.context.ContextLoader.initWebApplicationContext(ContextLoader.java:306)
	at org.springframework.web.context.ContextLoaderListener.contextInitialized(ContextLoaderListener.java:112)
	at org.alfresco.web.app.ContextLoaderListener.contextInitialized(ContextLoaderListener.java:70)
	at org.apache.catalina.core.StandardContext.listenerStart(StandardContext.java:5110)
	at org.apache.catalina.core.StandardContext.startInternal(StandardContext.java:5633)
	at org.apache.catalina.util.LifecycleBase.start(LifecycleBase.java:145)
	at org.apache.catalina.core.ContainerBase.addChildInternal(ContainerBase.java:1015)
	at org.apache.catalina.core.ContainerBase.addChild(ContainerBase.java:991)
	at org.apache.catalina.core.StandardHost.addChild(StandardHost.java:652)
	at org.apache.catalina.startup.HostConfig.deployDescriptor(HostConfig.java:712)
	at org.apache.catalina.startup.HostConfig$DeployDescriptor.run(HostConfig.java:2002)
	at java.util.concurrent.Executors$RunnableAdapter.call(Executors.java:511)
	at java.util.concurrent.FutureTask.run(FutureTask.java:266)
	at java.util.concurrent.ThreadPoolExecutor.runWorker(ThreadPoolExecutor.java:1149)
	at java.util.concurrent.ThreadPoolExecutor$Worker.run(ThreadPoolExecutor.java:624)
	at java.lang.Thread.run(Thread.java:748)
Caused by: java.lang.ClassNotFoundException: org.gjt.mm.mysql.Driver
	at org.apache.catalina.loader.WebappClassLoaderBase.loadClass(WebappClassLoaderBase.java:1892)
	at org.apache.catalina.loader.WebappClassLoaderBase.loadClass(WebappClassLoaderBase.java:1735)
	at org.apache.commons.dbcp.BasicDataSource.createConnectionFactory(BasicDataSource.java:1420)
	... 151 more
2018-08-24 04:35:03,449 WARN  [org.springframework.web.context.support.XmlWebApplicationContext] [localhost-startStop-1] Exception encountered during context initialization - cancelling refresh attempt: org.springframework.beans.factory.BeanCreationException: Error creating bean with name 'org.springframework.beans.factory.config.CustomEditorConfigurer#0' defined in class path resource [alfresco/core-services-context.xml]: Cannot resolve reference to bean 'customPropertyEditorRegistrar' while setting bean property 'propertyEditorRegistrars' with key [0]; nested exception is org.springframework.beans.factory.BeanCreationException: Error creating bean with name 'customPropertyEditorRegistrar' defined in class path resource [alfresco/core-services-context.xml]: Cannot resolve reference to bean 'NamespaceService' while setting bean property 'namespaceService'; nested exception is org.springframework.beans.factory.BeanCreationException: Error creating bean with name 'dictionaryDAO' defined in class path resource [alfresco/core-services-context.xml]: Cannot resolve reference to bean 'tenantService' while setting bean property 'tenantService'; nested exception is org.springframework.beans.factory.BeanCreationException: Error creating bean with name 'tenantService' defined in URL [jar:file:/opt/scripttest/alfresco5/tomcat/webapps/alfresco/WEB-INF/lib/alfresco-repository-5.2.1.jar!/alfresco/mt/mt-context.xml]: Cannot resolve reference to bean 'tenantAdminDAO' while setting bean property 'tenantAdminDAO'; nested exception is org.springframework.beans.factory.BeanCreationException: Error creating bean with name 'tenantAdminDAO' defined in class path resource [alfresco/dao/dao-context.xml]: Cannot resolve reference to bean 'repoSqlSessionTemplate' while setting bean property 'sqlSessionTemplate'; nested exception is org.springframework.beans.factory.BeanCreationException: Error creating bean with name 'repoSqlSessionTemplate' defined in class path resource [alfresco/ibatis/ibatis-context.xml]: Cannot resolve reference to bean 'repoSqlSessionFactory' while setting constructor argument; nested exception is org.springframework.beans.factory.BeanCreationException: Error creating bean with name 'repoSqlSessionFactory' defined in class path resource [alfresco/ibatis/ibatis-context.xml]: Cannot resolve reference to bean 'dialectResourceLoader' while setting bean property 'resourceLoader'; nested exception is org.springframework.beans.factory.BeanCreationException: Error creating bean with name 'dialectResourceLoader' defined in class path resource [alfresco/ibatis/ibatis-context.xml]: Cannot create inner bean 'org.springframework.beans.factory.config.PropertyPathFactoryBean#cde0c9d' of type [org.springframework.beans.factory.config.PropertyPathFactoryBean] while setting bean property 'dialectClass'; nested exception is org.springframework.beans.factory.BeanCreationException: Error creating bean with name 'org.springframework.beans.factory.config.PropertyPathFactoryBean#cde0c9d' defined in class path resource [alfresco/ibatis/ibatis-context.xml]: Initialization of bean failed; nested exception is org.springframework.beans.factory.BeanCreationException: Error creating bean with name 'dialect' defined in class path resource [alfresco/hibernate-context.xml]: Cannot resolve reference to bean '&sessionFactory' while setting bean property 'localSessionFactory'; nested exception is org.springframework.beans.factory.BeanCreationException: Error creating bean with name 'dataSourceCheck' defined in class path resource [alfresco/core-services-context.xml]: Cannot resolve reference to bean '&sessionFactory' while setting bean property 'localSessionFactory'; nested exception is org.springframework.beans.factory.BeanCreationException: Error creating bean with name 'sessionFactory' defined in class path resource [alfresco/hibernate-context.xml]: Invocation of init method failed; nested exception is org.hibernate.HibernateException: Hibernate Dialect must be explicitly set
2018-08-24 04:35:03,450 ERROR [org.springframework.web.context.ContextLoader] [localhost-startStop-1] Context initialization failed
org.springframework.beans.factory.BeanCreationException: Error creating bean with name 'org.springframework.beans.factory.config.CustomEditorConfigurer#0' defined in class path resource [alfresco/core-services-context.xml]: Cannot resolve reference to bean 'customPropertyEditorRegistrar' while setting bean property 'propertyEditorRegistrars' with key [0]; nested exception is org.springframework.beans.factory.BeanCreationException: Error creating bean with name 'customPropertyEditorRegistrar' defined in class path resource [alfresco/core-services-context.xml]: Cannot resolve reference to bean 'NamespaceService' while setting bean property 'namespaceService'; nested exception is org.springframework.beans.factory.BeanCreationException: Error creating bean with name 'dictionaryDAO' defined in class path resource [alfresco/core-services-context.xml]: Cannot resolve reference to bean 'tenantService' while setting bean property 'tenantService'; nested exception is org.springframework.beans.factory.BeanCreationException: Error creating bean with name 'tenantService' defined in URL [jar:file:/opt/scripttest/alfresco5/tomcat/webapps/alfresco/WEB-INF/lib/alfresco-repository-5.2.1.jar!/alfresco/mt/mt-context.xml]: Cannot resolve reference to bean 'tenantAdminDAO' while setting bean property 'tenantAdminDAO'; nested exception is org.springframework.beans.factory.BeanCreationException: Error creating bean with name 'tenantAdminDAO' defined in class path resource [alfresco/dao/dao-context.xml]: Cannot resolve reference to bean 'repoSqlSessionTemplate' while setting bean property 'sqlSessionTemplate'; nested exception is org.springframework.beans.factory.BeanCreationException: Error creating bean with name 'repoSqlSessionTemplate' defined in class path resource [alfresco/ibatis/ibatis-context.xml]: Cannot resolve reference to bean 'repoSqlSessionFactory' while setting constructor argument; nested exception is org.springframework.beans.factory.BeanCreationException: Error creating bean with name 'repoSqlSessionFactory' defined in class path resource [alfresco/ibatis/ibatis-context.xml]: Cannot resolve reference to bean 'dialectResourceLoader' while setting bean property 'resourceLoader'; nested exception is org.springframework.beans.factory.BeanCreationException: Error creating bean with name 'dialectResourceLoader' defined in class path resource [alfresco/ibatis/ibatis-context.xml]: Cannot create inner bean 'org.springframework.beans.factory.config.PropertyPathFactoryBean#cde0c9d' of type [org.springframework.beans.factory.config.PropertyPathFactoryBean] while setting bean property 'dialectClass'; nested exception is org.springframework.beans.factory.BeanCreationException: Error creating bean with name 'org.springframework.beans.factory.config.PropertyPathFactoryBean#cde0c9d' defined in class path resource [alfresco/ibatis/ibatis-context.xml]: Initialization of bean failed; nested exception is org.springframework.beans.factory.BeanCreationException: Error creating bean with name 'dialect' defined in class path resource [alfresco/hibernate-context.xml]: Cannot resolve reference to bean '&sessionFactory' while setting bean property 'localSessionFactory'; nested exception is org.springframework.beans.factory.BeanCreationException: Error creating bean with name 'dataSourceCheck' defined in class path resource [alfresco/core-services-context.xml]: Cannot resolve reference to bean '&sessionFactory' while setting bean property 'localSessionFactory'; nested exception is org.springframework.beans.factory.BeanCreationException: Error creating bean with name 'sessionFactory' defined in class path resource [alfresco/hibernate-context.xml]: Invocation of init method failed; nested exception is org.hibernate.HibernateException: Hibernate Dialect must be explicitly set
	at org.springframework.beans.factory.support.BeanDefinitionValueResolver.resolveReference(BeanDefinitionValueResolver.java:334)
	at org.springframework.beans.factory.support.BeanDefinitionValueResolver.resolveValueIfNecessary(BeanDefinitionValueResolver.java:108)
	at org.springframework.beans.factory.support.BeanDefinitionValueResolver.resolveManagedList(BeanDefinitionValueResolver.java:358)
	at org.springframework.beans.factory.support.BeanDefinitionValueResolver.resolveValueIfNecessary(BeanDefinitionValueResolver.java:157)
	at org.springframework.beans.factory.support.AbstractAutowireCapableBeanFactory.applyPropertyValues(AbstractAutowireCapableBeanFactory.java:1419)
	at org.springframework.beans.factory.support.AbstractAutowireCapableBeanFactory.populateBean(AbstractAutowireCapableBeanFactory.java:1160)
	at org.springframework.beans.factory.support.AbstractAutowireCapableBeanFactory.doCreateBean(AbstractAutowireCapableBeanFactory.java:519)
	at org.springframework.beans.factory.support.AbstractAutowireCapableBeanFactory.createBean(AbstractAutowireCapableBeanFactory.java:458)
	at org.springframework.beans.factory.support.AbstractBeanFactory$1.getObject(AbstractBeanFactory.java:293)
	at org.springframework.beans.factory.support.DefaultSingletonBeanRegistry.getSingleton(DefaultSingletonBeanRegistry.java:223)
	at org.springframework.beans.factory.support.AbstractBeanFactory.doGetBean(AbstractBeanFactory.java:290)
	at org.springframework.beans.factory.support.AbstractBeanFactory.getBean(AbstractBeanFactory.java:195)
	at org.springframework.context.support.AbstractApplicationContext.getBean(AbstractApplicationContext.java:1127)
	at org.springframework.context.support.AbstractApplicationContext.invokeBeanFactoryPostProcessors(AbstractApplicationContext.java:679)
	at org.springframework.context.support.AbstractApplicationContext.refresh(AbstractApplicationContext.java:461)
	at org.springframework.web.context.ContextLoader.configureAndRefreshWebApplicationContext(ContextLoader.java:410)
	at org.springframework.web.context.ContextLoader.initWebApplicationContext(ContextLoader.java:306)
	at org.springframework.web.context.ContextLoaderListener.contextInitialized(ContextLoaderListener.java:112)
	at org.alfresco.web.app.ContextLoaderListener.contextInitialized(ContextLoaderListener.java:70)
	at org.apache.catalina.core.StandardContext.listenerStart(StandardContext.java:5110)
	at org.apache.catalina.core.StandardContext.startInternal(StandardContext.java:5633)
	at org.apache.catalina.util.LifecycleBase.start(LifecycleBase.java:145)
	at org.apache.catalina.core.ContainerBase.addChildInternal(ContainerBase.java:1015)
	at org.apache.catalina.core.ContainerBase.addChild(ContainerBase.java:991)
	at org.apache.catalina.core.StandardHost.addChild(StandardHost.java:652)
	at org.apache.catalina.startup.HostConfig.deployDescriptor(HostConfig.java:712)
	at org.apache.catalina.startup.HostConfig$DeployDescriptor.run(HostConfig.java:2002)
	at java.util.concurrent.Executors$RunnableAdapter.call(Executors.java:511)
	at java.util.concurrent.FutureTask.run(FutureTask.java:266)
	at java.util.concurrent.ThreadPoolExecutor.runWorker(ThreadPoolExecutor.java:1149)
	at java.util.concurrent.ThreadPoolExecutor$Worker.run(ThreadPoolExecutor.java:624)
	at java.lang.Thread.run(Thread.java:748)
Caused by: org.springframework.beans.factory.BeanCreationException: Error creating bean with name 'customPropertyEditorRegistrar' defined in class path resource [alfresco/core-services-context.xml]: Cannot resolve reference to bean 'NamespaceService' while setting bean property 'namespaceService'; nested exception is org.springframework.beans.factory.BeanCreationException: Error creating bean with name 'dictionaryDAO' defined in class path resource [alfresco/core-services-context.xml]: Cannot resolve reference to bean 'tenantService' while setting bean property 'tenantService'; nested exception is org.springframework.beans.factory.BeanCreationException: Error creating bean with name 'tenantService' defined in URL [jar:file:/opt/scripttest/alfresco5/tomcat/webapps/alfresco/WEB-INF/lib/alfresco-repository-5.2.1.jar!/alfresco/mt/mt-context.xml]: Cannot resolve reference to bean 'tenantAdminDAO' while setting bean property 'tenantAdminDAO'; nested exception is org.springframework.beans.factory.BeanCreationException: Error creating bean with name 'tenantAdminDAO' defined in class path resource [alfresco/dao/dao-context.xml]: Cannot resolve reference to bean 'repoSqlSessionTemplate' while setting bean property 'sqlSessionTemplate'; nested exception is org.springframework.beans.factory.BeanCreationException: Error creating bean with name 'repoSqlSessionTemplate' defined in class path resource [alfresco/ibatis/ibatis-context.xml]: Cannot resolve reference to bean 'repoSqlSessionFactory' while setting constructor argument; nested exception is org.springframework.beans.factory.BeanCreationException: Error creating bean with name 'repoSqlSessionFactory' defined in class path resource [alfresco/ibatis/ibatis-context.xml]: Cannot resolve reference to bean 'dialectResourceLoader' while setting bean property 'resourceLoader'; nested exception is org.springframework.beans.factory.BeanCreationException: Error creating bean with name 'dialectResourceLoader' defined in class path resource [alfresco/ibatis/ibatis-context.xml]: Cannot create inner bean 'org.springframework.beans.factory.config.PropertyPathFactoryBean#cde0c9d' of type [org.springframework.beans.factory.config.PropertyPathFactoryBean] while setting bean property 'dialectClass'; nested exception is org.springframework.beans.factory.BeanCreationException: Error creating bean with name 'org.springframework.beans.factory.config.PropertyPathFactoryBean#cde0c9d' defined in class path resource [alfresco/ibatis/ibatis-context.xml]: Initialization of bean failed; nested exception is org.springframework.beans.factory.BeanCreationException: Error creating bean with name 'dialect' defined in class path resource [alfresco/hibernate-context.xml]: Cannot resolve reference to bean '&sessionFactory' while setting bean property 'localSessionFactory'; nested exception is org.springframework.beans.factory.BeanCreationException: Error creating bean with name 'dataSourceCheck' defined in class path resource [alfresco/core-services-context.xml]: Cannot resolve reference to bean '&sessionFactory' while setting bean property 'localSessionFactory'; nested exception is org.springframework.beans.factory.BeanCreationException: Error creating bean with name 'sessionFactory' defined in class path resource [alfresco/hibernate-context.xml]: Invocation of init method failed; nested exception is org.hibernate.HibernateException: Hibernate Dialect must be explicitly set
	at org.springframework.beans.factory.support.BeanDefinitionValueResolver.resolveReference(BeanDefinitionValueResolver.java:334)
	at org.springframework.beans.factory.support.BeanDefinitionValueResolver.resolveValueIfNecessary(BeanDefinitionValueResolver.java:108)
	at org.springframework.beans.factory.support.AbstractAutowireCapableBeanFactory.applyPropertyValues(AbstractAutowireCapableBeanFactory.java:1419)
	at org.springframework.beans.factory.support.AbstractAutowireCapableBeanFactory.populateBean(AbstractAutowireCapableBeanFactory.java:1160)
	at org.springframework.beans.factory.support.AbstractAutowireCapableBeanFactory.doCreateBean(AbstractAutowireCapableBeanFactory.java:519)
	at org.springframework.beans.factory.support.AbstractAutowireCapableBeanFactory.createBean(AbstractAutowireCapableBeanFactory.java:458)
	at org.springframework.beans.factory.support.AbstractBeanFactory$1.getObject(AbstractBeanFactory.java:293)
	at org.springframework.beans.factory.support.DefaultSingletonBeanRegistry.getSingleton(DefaultSingletonBeanRegistry.java:223)
	at org.springframework.beans.factory.support.AbstractBeanFactory.doGetBean(AbstractBeanFactory.java:290)
	at org.springframework.beans.factory.support.AbstractBeanFactory.getBean(AbstractBeanFactory.java:191)
	at org.springframework.beans.factory.support.BeanDefinitionValueResolver.resolveReference(BeanDefinitionValueResolver.java:328)
	... 31 more
Caused by: org.springframework.beans.factory.BeanCreationException: Error creating bean with name 'dictionaryDAO' defined in class path resource [alfresco/core-services-context.xml]: Cannot resolve reference to bean 'tenantService' while setting bean property 'tenantService'; nested exception is org.springframework.beans.factory.BeanCreationException: Error creating bean with name 'tenantService' defined in URL [jar:file:/opt/scripttest/alfresco5/tomcat/webapps/alfresco/WEB-INF/lib/alfresco-repository-5.2.1.jar!/alfresco/mt/mt-context.xml]: Cannot resolve reference to bean 'tenantAdminDAO' while setting bean property 'tenantAdminDAO'; nested exception is org.springframework.beans.factory.BeanCreationException: Error creating bean with name 'tenantAdminDAO' defined in class path resource [alfresco/dao/dao-context.xml]: Cannot resolve reference to bean 'repoSqlSessionTemplate' while setting bean property 'sqlSessionTemplate'; nested exception is org.springframework.beans.factory.BeanCreationException: Error creating bean with name 'repoSqlSessionTemplate' defined in class path resource [alfresco/ibatis/ibatis-context.xml]: Cannot resolve reference to bean 'repoSqlSessionFactory' while setting constructor argument; nested exception is org.springframework.beans.factory.BeanCreationException: Error creating bean with name 'repoSqlSessionFactory' defined in class path resource [alfresco/ibatis/ibatis-context.xml]: Cannot resolve reference to bean 'dialectResourceLoader' while setting bean property 'resourceLoader'; nested exception is org.springframework.beans.factory.BeanCreationException: Error creating bean with name 'dialectResourceLoader' defined in class path resource [alfresco/ibatis/ibatis-context.xml]: Cannot create inner bean 'org.springframework.beans.factory.config.PropertyPathFactoryBean#cde0c9d' of type [org.springframework.beans.factory.config.PropertyPathFactoryBean] while setting bean property 'dialectClass'; nested exception is org.springframework.beans.factory.BeanCreationException: Error creating bean with name 'org.springframework.beans.factory.config.PropertyPathFactoryBean#cde0c9d' defined in class path resource [alfresco/ibatis/ibatis-context.xml]: Initialization of bean failed; nested exception is org.springframework.beans.factory.BeanCreationException: Error creating bean with name 'dialect' defined in class path resource [alfresco/hibernate-context.xml]: Cannot resolve reference to bean '&sessionFactory' while setting bean property 'localSessionFactory'; nested exception is org.springframework.beans.factory.BeanCreationException: Error creating bean with name 'dataSourceCheck' defined in class path resource [alfresco/core-services-context.xml]: Cannot resolve reference to bean '&sessionFactory' while setting bean property 'localSessionFactory'; nested exception is org.springframework.beans.factory.BeanCreationException: Error creating bean with name 'sessionFactory' defined in class path resource [alfresco/hibernate-context.xml]: Invocation of init method failed; nested exception is org.hibernate.HibernateException: Hibernate Dialect must be explicitly set
	at org.springframework.beans.factory.support.BeanDefinitionValueResolver.resolveReference(BeanDefinitionValueResolver.java:334)
	at org.springframework.beans.factory.support.BeanDefinitionValueResolver.resolveValueIfNecessary(BeanDefinitionValueResolver.java:108)
	at org.springframework.beans.factory.support.AbstractAutowireCapableBeanFactory.applyPropertyValues(AbstractAutowireCapableBeanFactory.java:1419)
	at org.springframework.beans.factory.support.AbstractAutowireCapableBeanFactory.populateBean(AbstractAutowireCapableBeanFactory.java:1160)
	at org.springframework.beans.factory.support.AbstractAutowireCapableBeanFactory.doCreateBean(AbstractAutowireCapableBeanFactory.java:519)
	at org.springframework.beans.factory.support.AbstractAutowireCapableBeanFactory.createBean(AbstractAutowireCapableBeanFactory.java:458)
	at org.springframework.beans.factory.support.AbstractBeanFactory$1.getObject(AbstractBeanFactory.java:293)
	at org.springframework.beans.factory.support.DefaultSingletonBeanRegistry.getSingleton(DefaultSingletonBeanRegistry.java:223)
	at org.springframework.beans.factory.support.AbstractBeanFactory.doGetBean(AbstractBeanFactory.java:290)
	at org.springframework.beans.factory.support.AbstractBeanFactory.getBean(AbstractBeanFactory.java:191)
	at org.springframework.beans.factory.support.AbstractBeanFactory.doGetBean(AbstractBeanFactory.java:283)
	at org.springframework.beans.factory.support.AbstractBeanFactory.getBean(AbstractBeanFactory.java:191)
	at org.springframework.beans.factory.support.BeanDefinitionValueResolver.resolveReference(BeanDefinitionValueResolver.java:328)
	... 41 more
Caused by: org.springframework.beans.factory.BeanCreationException: Error creating bean with name 'tenantService' defined in URL [jar:file:/opt/scripttest/alfresco5/tomcat/webapps/alfresco/WEB-INF/lib/alfresco-repository-5.2.1.jar!/alfresco/mt/mt-context.xml]: Cannot resolve reference to bean 'tenantAdminDAO' while setting bean property 'tenantAdminDAO'; nested exception is org.springframework.beans.factory.BeanCreationException: Error creating bean with name 'tenantAdminDAO' defined in class path resource [alfresco/dao/dao-context.xml]: Cannot resolve reference to bean 'repoSqlSessionTemplate' while setting bean property 'sqlSessionTemplate'; nested exception is org.springframework.beans.factory.BeanCreationException: Error creating bean with name 'repoSqlSessionTemplate' defined in class path resource [alfresco/ibatis/ibatis-context.xml]: Cannot resolve reference to bean 'repoSqlSessionFactory' while setting constructor argument; nested exception is org.springframework.beans.factory.BeanCreationException: Error creating bean with name 'repoSqlSessionFactory' defined in class path resource [alfresco/ibatis/ibatis-context.xml]: Cannot resolve reference to bean 'dialectResourceLoader' while setting bean property 'resourceLoader'; nested exception is org.springframework.beans.factory.BeanCreationException: Error creating bean with name 'dialectResourceLoader' defined in class path resource [alfresco/ibatis/ibatis-context.xml]: Cannot create inner bean 'org.springframework.beans.factory.config.PropertyPathFactoryBean#cde0c9d' of type [org.springframework.beans.factory.config.PropertyPathFactoryBean] while setting bean property 'dialectClass'; nested exception is org.springframework.beans.factory.BeanCreationException: Error creating bean with name 'org.springframework.beans.factory.config.PropertyPathFactoryBean#cde0c9d' defined in class path resource [alfresco/ibatis/ibatis-context.xml]: Initialization of bean failed; nested exception is org.springframework.beans.factory.BeanCreationException: Error creating bean with name 'dialect' defined in class path resource [alfresco/hibernate-context.xml]: Cannot resolve reference to bean '&sessionFactory' while setting bean property 'localSessionFactory'; nested exception is org.springframework.beans.factory.BeanCreationException: Error creating bean with name 'dataSourceCheck' defined in class path resource [alfresco/core-services-context.xml]: Cannot resolve reference to bean '&sessionFactory' while setting bean property 'localSessionFactory'; nested exception is org.springframework.beans.factory.BeanCreationException: Error creating bean with name 'sessionFactory' defined in class path resource [alfresco/hibernate-context.xml]: Invocation of init method failed; nested exception is org.hibernate.HibernateException: Hibernate Dialect must be explicitly set
	at org.springframework.beans.factory.support.BeanDefinitionValueResolver.resolveReference(BeanDefinitionValueResolver.java:334)
	at org.springframework.beans.factory.support.BeanDefinitionValueResolver.resolveValueIfNecessary(BeanDefinitionValueResolver.java:108)
	at org.springframework.beans.factory.support.AbstractAutowireCapableBeanFactory.applyPropertyValues(AbstractAutowireCapableBeanFactory.java:1419)
	at org.springframework.beans.factory.support.AbstractAutowireCapableBeanFactory.populateBean(AbstractAutowireCapableBeanFactory.java:1160)
	at org.springframework.beans.factory.support.AbstractAutowireCapableBeanFactory.doCreateBean(AbstractAutowireCapableBeanFactory.java:519)
	at org.springframework.beans.factory.support.AbstractAutowireCapableBeanFactory.createBean(AbstractAutowireCapableBeanFactory.java:458)
	at org.springframework.beans.factory.support.AbstractBeanFactory$1.getObject(AbstractBeanFactory.java:293)
	at org.springframework.beans.factory.support.DefaultSingletonBeanRegistry.getSingleton(DefaultSingletonBeanRegistry.java:223)
	at org.springframework.beans.factory.support.AbstractBeanFactory.doGetBean(AbstractBeanFactory.java:290)
	at org.springframework.beans.factory.support.AbstractBeanFactory.getBean(AbstractBeanFactory.java:191)
	at org.springframework.beans.factory.support.BeanDefinitionValueResolver.resolveReference(BeanDefinitionValueResolver.java:328)
	... 53 more
Caused by: org.springframework.beans.factory.BeanCreationException: Error creating bean with name 'tenantAdminDAO' defined in class path resource [alfresco/dao/dao-context.xml]: Cannot resolve reference to bean 'repoSqlSessionTemplate' while setting bean property 'sqlSessionTemplate'; nested exception is org.springframework.beans.factory.BeanCreationException: Error creating bean with name 'repoSqlSessionTemplate' defined in class path resource [alfresco/ibatis/ibatis-context.xml]: Cannot resolve reference to bean 'repoSqlSessionFactory' while setting constructor argument; nested exception is org.springframework.beans.factory.BeanCreationException: Error creating bean with name 'repoSqlSessionFactory' defined in class path resource [alfresco/ibatis/ibatis-context.xml]: Cannot resolve reference to bean 'dialectResourceLoader' while setting bean property 'resourceLoader'; nested exception is org.springframework.beans.factory.BeanCreationException: Error creating bean with name 'dialectResourceLoader' defined in class path resource [alfresco/ibatis/ibatis-context.xml]: Cannot create inner bean 'org.springframework.beans.factory.config.PropertyPathFactoryBean#cde0c9d' of type [org.springframework.beans.factory.config.PropertyPathFactoryBean] while setting bean property 'dialectClass'; nested exception is org.springframework.beans.factory.BeanCreationException: Error creating bean with name 'org.springframework.beans.factory.config.PropertyPathFactoryBean#cde0c9d' defined in class path resource [alfresco/ibatis/ibatis-context.xml]: Initialization of bean failed; nested exception is org.springframework.beans.factory.BeanCreationException: Error creating bean with name 'dialect' defined in class path resource [alfresco/hibernate-context.xml]: Cannot resolve reference to bean '&sessionFactory' while setting bean property 'localSessionFactory'; nested exception is org.springframework.beans.factory.BeanCreationException: Error creating bean with name 'dataSourceCheck' defined in class path resource [alfresco/core-services-context.xml]: Cannot resolve reference to bean '&sessionFactory' while setting bean property 'localSessionFactory'; nested exception is org.springframework.beans.factory.BeanCreationException: Error creating bean with name 'sessionFactory' defined in class path resource [alfresco/hibernate-context.xml]: Invocation of init method failed; nested exception is org.hibernate.HibernateException: Hibernate Dialect must be explicitly set
	at org.springframework.beans.factory.support.BeanDefinitionValueResolver.resolveReference(BeanDefinitionValueResolver.java:334)
	at org.springframework.beans.factory.support.BeanDefinitionValueResolver.resolveValueIfNecessary(BeanDefinitionValueResolver.java:108)
	at org.springframework.beans.factory.support.AbstractAutowireCapableBeanFactory.applyPropertyValues(AbstractAutowireCapableBeanFactory.java:1419)
	at org.springframework.beans.factory.support.AbstractAutowireCapableBeanFactory.populateBean(AbstractAutowireCapableBeanFactory.java:1160)
	at org.springframework.beans.factory.support.AbstractAutowireCapableBeanFactory.doCreateBean(AbstractAutowireCapableBeanFactory.java:519)
	at org.springframework.beans.factory.support.AbstractAutowireCapableBeanFactory.createBean(AbstractAutowireCapableBeanFactory.java:458)
	at org.springframework.beans.factory.support.AbstractBeanFactory$1.getObject(AbstractBeanFactory.java:293)
	at org.springframework.beans.factory.support.DefaultSingletonBeanRegistry.getSingleton(DefaultSingletonBeanRegistry.java:223)
	at org.springframework.beans.factory.support.AbstractBeanFactory.doGetBean(AbstractBeanFactory.java:290)
	at org.springframework.beans.factory.support.AbstractBeanFactory.getBean(AbstractBeanFactory.java:191)
	at org.springframework.beans.factory.support.BeanDefinitionValueResolver.resolveReference(BeanDefinitionValueResolver.java:328)
	... 63 more
Caused by: org.springframework.beans.factory.BeanCreationException: Error creating bean with name 'repoSqlSessionTemplate' defined in class path resource [alfresco/ibatis/ibatis-context.xml]: Cannot resolve reference to bean 'repoSqlSessionFactory' while setting constructor argument; nested exception is org.springframework.beans.factory.BeanCreationException: Error creating bean with name 'repoSqlSessionFactory' defined in class path resource [alfresco/ibatis/ibatis-context.xml]: Cannot resolve reference to bean 'dialectResourceLoader' while setting bean property 'resourceLoader'; nested exception is org.springframework.beans.factory.BeanCreationException: Error creating bean with name 'dialectResourceLoader' defined in class path resource [alfresco/ibatis/ibatis-context.xml]: Cannot create inner bean 'org.springframework.beans.factory.config.PropertyPathFactoryBean#cde0c9d' of type [org.springframework.beans.factory.config.PropertyPathFactoryBean] while setting bean property 'dialectClass'; nested exception is org.springframework.beans.factory.BeanCreationException: Error creating bean with name 'org.springframework.beans.factory.config.PropertyPathFactoryBean#cde0c9d' defined in class path resource [alfresco/ibatis/ibatis-context.xml]: Initialization of bean failed; nested exception is org.springframework.beans.factory.BeanCreationException: Error creating bean with name 'dialect' defined in class path resource [alfresco/hibernate-context.xml]: Cannot resolve reference to bean '&sessionFactory' while setting bean property 'localSessionFactory'; nested exception is org.springframework.beans.factory.BeanCreationException: Error creating bean with name 'dataSourceCheck' defined in class path resource [alfresco/core-services-context.xml]: Cannot resolve reference to bean '&sessionFactory' while setting bean property 'localSessionFactory'; nested exception is org.springframework.beans.factory.BeanCreationException: Error creating bean with name 'sessionFactory' defined in class path resource [alfresco/hibernate-context.xml]: Invocation of init method failed; nested exception is org.hibernate.HibernateException: Hibernate Dialect must be explicitly set
	at org.springframework.beans.factory.support.BeanDefinitionValueResolver.resolveReference(BeanDefinitionValueResolver.java:334)
	at org.springframework.beans.factory.support.BeanDefinitionValueResolver.resolveValueIfNecessary(BeanDefinitionValueResolver.java:108)
	at org.springframework.beans.factory.support.ConstructorResolver.resolveConstructorArguments(ConstructorResolver.java:637)
	at org.springframework.beans.factory.support.ConstructorResolver.autowireConstructor(ConstructorResolver.java:145)
	at org.springframework.beans.factory.support.AbstractAutowireCapableBeanFactory.autowireConstructor(AbstractAutowireCapableBeanFactory.java:1077)
	at org.springframework.beans.factory.support.AbstractAutowireCapableBeanFactory.createBeanInstance(AbstractAutowireCapableBeanFactory.java:981)
	at org.springframework.beans.factory.support.AbstractAutowireCapableBeanFactory.doCreateBean(AbstractAutowireCapableBeanFactory.java:487)
	at org.springframework.beans.factory.support.AbstractAutowireCapableBeanFactory.createBean(AbstractAutowireCapableBeanFactory.java:458)
	at org.springframework.beans.factory.support.AbstractBeanFactory$1.getObject(AbstractBeanFactory.java:293)
	at org.springframework.beans.factory.support.DefaultSingletonBeanRegistry.getSingleton(DefaultSingletonBeanRegistry.java:223)
	at org.springframework.beans.factory.support.AbstractBeanFactory.doGetBean(AbstractBeanFactory.java:290)
	at org.springframework.beans.factory.support.AbstractBeanFactory.getBean(AbstractBeanFactory.java:191)
	at org.springframework.beans.factory.support.BeanDefinitionValueResolver.resolveReference(BeanDefinitionValueResolver.java:328)
	... 73 more
Caused by: org.springframework.beans.factory.BeanCreationException: Error creating bean with name 'repoSqlSessionFactory' defined in class path resource [alfresco/ibatis/ibatis-context.xml]: Cannot resolve reference to bean 'dialectResourceLoader' while setting bean property 'resourceLoader'; nested exception is org.springframework.beans.factory.BeanCreationException: Error creating bean with name 'dialectResourceLoader' defined in class path resource [alfresco/ibatis/ibatis-context.xml]: Cannot create inner bean 'org.springframework.beans.factory.config.PropertyPathFactoryBean#cde0c9d' of type [org.springframework.beans.factory.config.PropertyPathFactoryBean] while setting bean property 'dialectClass'; nested exception is org.springframework.beans.factory.BeanCreationException: Error creating bean with name 'org.springframework.beans.factory.config.PropertyPathFactoryBean#cde0c9d' defined in class path resource [alfresco/ibatis/ibatis-context.xml]: Initialization of bean failed; nested exception is org.springframework.beans.factory.BeanCreationException: Error creating bean with name 'dialect' defined in class path resource [alfresco/hibernate-context.xml]: Cannot resolve reference to bean '&sessionFactory' while setting bean property 'localSessionFactory'; nested exception is org.springframework.beans.factory.BeanCreationException: Error creating bean with name 'dataSourceCheck' defined in class path resource [alfresco/core-services-context.xml]: Cannot resolve reference to bean '&sessionFactory' while setting bean property 'localSessionFactory'; nested exception is org.springframework.beans.factory.BeanCreationException: Error creating bean with name 'sessionFactory' defined in class path resource [alfresco/hibernate-context.xml]: Invocation of init method failed; nested exception is org.hibernate.HibernateException: Hibernate Dialect must be explicitly set
	at org.springframework.beans.factory.support.BeanDefinitionValueResolver.resolveReference(BeanDefinitionValueResolver.java:334)
	at org.springframework.beans.factory.support.BeanDefinitionValueResolver.resolveValueIfNecessary(BeanDefinitionValueResolver.java:108)
	at org.springframework.beans.factory.support.AbstractAutowireCapableBeanFactory.applyPropertyValues(AbstractAutowireCapableBeanFactory.java:1419)
	at org.springframework.beans.factory.support.AbstractAutowireCapableBeanFactory.populateBean(AbstractAutowireCapableBeanFactory.java:1160)
	at org.springframework.beans.factory.support.AbstractAutowireCapableBeanFactory.doCreateBean(AbstractAutowireCapableBeanFactory.java:519)
	at org.springframework.beans.factory.support.AbstractAutowireCapableBeanFactory.createBean(AbstractAutowireCapableBeanFactory.java:458)
	at org.springframework.beans.factory.support.AbstractBeanFactory$1.getObject(AbstractBeanFactory.java:293)
	at org.springframework.beans.factory.support.DefaultSingletonBeanRegistry.getSingleton(DefaultSingletonBeanRegistry.java:223)
	at org.springframework.beans.factory.support.AbstractBeanFactory.doGetBean(AbstractBeanFactory.java:290)
	at org.springframework.beans.factory.support.AbstractBeanFactory.getBean(AbstractBeanFactory.java:191)
	at org.springframework.beans.factory.support.BeanDefinitionValueResolver.resolveReference(BeanDefinitionValueResolver.java:328)
	... 85 more
Caused by: org.springframework.beans.factory.BeanCreationException: Error creating bean with name 'dialectResourceLoader' defined in class path resource [alfresco/ibatis/ibatis-context.xml]: Cannot create inner bean 'org.springframework.beans.factory.config.PropertyPathFactoryBean#cde0c9d' of type [org.springframework.beans.factory.config.PropertyPathFactoryBean] while setting bean property 'dialectClass'; nested exception is org.springframework.beans.factory.BeanCreationException: Error creating bean with name 'org.springframework.beans.factory.config.PropertyPathFactoryBean#cde0c9d' defined in class path resource [alfresco/ibatis/ibatis-context.xml]: Initialization of bean failed; nested exception is org.springframework.beans.factory.BeanCreationException: Error creating bean with name 'dialect' defined in class path resource [alfresco/hibernate-context.xml]: Cannot resolve reference to bean '&sessionFactory' while setting bean property 'localSessionFactory'; nested exception is org.springframework.beans.factory.BeanCreationException: Error creating bean with name 'dataSourceCheck' defined in class path resource [alfresco/core-services-context.xml]: Cannot resolve reference to bean '&sessionFactory' while setting bean property 'localSessionFactory'; nested exception is org.springframework.beans.factory.BeanCreationException: Error creating bean with name 'sessionFactory' defined in class path resource [alfresco/hibernate-context.xml]: Invocation of init method failed; nested exception is org.hibernate.HibernateException: Hibernate Dialect must be explicitly set
	at org.springframework.beans.factory.support.BeanDefinitionValueResolver.resolveInnerBean(BeanDefinitionValueResolver.java:287)
	at org.springframework.beans.factory.support.BeanDefinitionValueResolver.resolveValueIfNecessary(BeanDefinitionValueResolver.java:122)
	at org.springframework.beans.factory.support.AbstractAutowireCapableBeanFactory.applyPropertyValues(AbstractAutowireCapableBeanFactory.java:1419)
	at org.springframework.beans.factory.support.AbstractAutowireCapableBeanFactory.populateBean(AbstractAutowireCapableBeanFactory.java:1160)
	at org.springframework.beans.factory.support.AbstractAutowireCapableBeanFactory.doCreateBean(AbstractAutowireCapableBeanFactory.java:519)
	at org.springframework.beans.factory.support.AbstractAutowireCapableBeanFactory.createBean(AbstractAutowireCapableBeanFactory.java:458)
	at org.springframework.beans.factory.support.AbstractBeanFactory$1.getObject(AbstractBeanFactory.java:293)
	at org.springframework.beans.factory.support.DefaultSingletonBeanRegistry.getSingleton(DefaultSingletonBeanRegistry.java:223)
	at org.springframework.beans.factory.support.AbstractBeanFactory.doGetBean(AbstractBeanFactory.java:290)
	at org.springframework.beans.factory.support.AbstractBeanFactory.getBean(AbstractBeanFactory.java:191)
	at org.springframework.beans.factory.support.BeanDefinitionValueResolver.resolveReference(BeanDefinitionValueResolver.java:328)
	... 95 more
Caused by: org.springframework.beans.factory.BeanCreationException: Error creating bean with name 'org.springframework.beans.factory.config.PropertyPathFactoryBean#cde0c9d' defined in class path resource [alfresco/ibatis/ibatis-context.xml]: Initialization of bean failed; nested exception is org.springframework.beans.factory.BeanCreationException: Error creating bean with name 'dialect' defined in class path resource [alfresco/hibernate-context.xml]: Cannot resolve reference to bean '&sessionFactory' while setting bean property 'localSessionFactory'; nested exception is org.springframework.beans.factory.BeanCreationException: Error creating bean with name 'dataSourceCheck' defined in class path resource [alfresco/core-services-context.xml]: Cannot resolve reference to bean '&sessionFactory' while setting bean property 'localSessionFactory'; nested exception is org.springframework.beans.factory.BeanCreationException: Error creating bean with name 'sessionFactory' defined in class path resource [alfresco/hibernate-context.xml]: Invocation of init method failed; nested exception is org.hibernate.HibernateException: Hibernate Dialect must be explicitly set
	at org.springframework.beans.factory.support.AbstractAutowireCapableBeanFactory.doCreateBean(AbstractAutowireCapableBeanFactory.java:529)
	at org.springframework.beans.factory.support.AbstractAutowireCapableBeanFactory.createBean(AbstractAutowireCapableBeanFactory.java:458)
	at org.springframework.beans.factory.support.BeanDefinitionValueResolver.resolveInnerBean(BeanDefinitionValueResolver.java:276)
	... 105 more
Caused by: org.springframework.beans.factory.BeanCreationException: Error creating bean with name 'dialect' defined in class path resource [alfresco/hibernate-context.xml]: Cannot resolve reference to bean '&sessionFactory' while setting bean property 'localSessionFactory'; nested exception is org.springframework.beans.factory.BeanCreationException: Error creating bean with name 'dataSourceCheck' defined in class path resource [alfresco/core-services-context.xml]: Cannot resolve reference to bean '&sessionFactory' while setting bean property 'localSessionFactory'; nested exception is org.springframework.beans.factory.BeanCreationException: Error creating bean with name 'sessionFactory' defined in class path resource [alfresco/hibernate-context.xml]: Invocation of init method failed; nested exception is org.hibernate.HibernateException: Hibernate Dialect must be explicitly set
	at org.springframework.beans.factory.support.BeanDefinitionValueResolver.resolveReference(BeanDefinitionValueResolver.java:334)
	at org.springframework.beans.factory.support.BeanDefinitionValueResolver.resolveValueIfNecessary(BeanDefinitionValueResolver.java:108)
	at org.springframework.beans.factory.support.AbstractAutowireCapableBeanFactory.applyPropertyValues(AbstractAutowireCapableBeanFactory.java:1419)
	at org.springframework.beans.factory.support.AbstractAutowireCapableBeanFactory.populateBean(AbstractAutowireCapableBeanFactory.java:1160)
	at org.springframework.beans.factory.support.AbstractAutowireCapableBeanFactory.doCreateBean(AbstractAutowireCapableBeanFactory.java:519)
	at org.springframework.beans.factory.support.AbstractAutowireCapableBeanFactory.createBean(AbstractAutowireCapableBeanFactory.java:458)
	at org.springframework.beans.factory.support.AbstractBeanFactory$1.getObject(AbstractBeanFactory.java:293)
	at org.springframework.beans.factory.support.DefaultSingletonBeanRegistry.getSingleton(DefaultSingletonBeanRegistry.java:223)
	at org.springframework.beans.factory.support.AbstractBeanFactory.doGetBean(AbstractBeanFactory.java:290)
	at org.springframework.beans.factory.support.AbstractBeanFactory.getBean(AbstractBeanFactory.java:191)
	at org.springframework.beans.factory.support.AbstractBeanFactory.isSingleton(AbstractBeanFactory.java:412)
	at org.springframework.beans.factory.config.PropertyPathFactoryBean.setBeanFactory(PropertyPathFactoryBean.java:184)
	at org.springframework.beans.factory.support.AbstractAutowireCapableBeanFactory.invokeAwareMethods(AbstractAutowireCapableBeanFactory.java:1534)
	at org.springframework.beans.factory.support.AbstractAutowireCapableBeanFactory.initializeBean(AbstractAutowireCapableBeanFactory.java:1502)
	at org.springframework.beans.factory.support.AbstractAutowireCapableBeanFactory.doCreateBean(AbstractAutowireCapableBeanFactory.java:521)
	... 107 more
Caused by: org.springframework.beans.factory.BeanCreationException: Error creating bean with name 'dataSourceCheck' defined in class path resource [alfresco/core-services-context.xml]: Cannot resolve reference to bean '&sessionFactory' while setting bean property 'localSessionFactory'; nested exception is org.springframework.beans.factory.BeanCreationException: Error creating bean with name 'sessionFactory' defined in class path resource [alfresco/hibernate-context.xml]: Invocation of init method failed; nested exception is org.hibernate.HibernateException: Hibernate Dialect must be explicitly set
	at org.springframework.beans.factory.support.BeanDefinitionValueResolver.resolveReference(BeanDefinitionValueResolver.java:334)
	at org.springframework.beans.factory.support.BeanDefinitionValueResolver.resolveValueIfNecessary(BeanDefinitionValueResolver.java:108)
	at org.springframework.beans.factory.support.AbstractAutowireCapableBeanFactory.applyPropertyValues(AbstractAutowireCapableBeanFactory.java:1419)
	at org.springframework.beans.factory.support.AbstractAutowireCapableBeanFactory.populateBean(AbstractAutowireCapableBeanFactory.java:1160)
	at org.springframework.beans.factory.support.AbstractAutowireCapableBeanFactory.doCreateBean(AbstractAutowireCapableBeanFactory.java:519)
	at org.springframework.beans.factory.support.AbstractAutowireCapableBeanFactory.createBean(AbstractAutowireCapableBeanFactory.java:458)
	at org.springframework.beans.factory.support.AbstractBeanFactory$1.getObject(AbstractBeanFactory.java:293)
	at org.springframework.beans.factory.support.DefaultSingletonBeanRegistry.getSingleton(DefaultSingletonBeanRegistry.java:223)
	at org.springframework.beans.factory.support.AbstractBeanFactory.doGetBean(AbstractBeanFactory.java:290)
	at org.springframework.beans.factory.support.AbstractBeanFactory.getBean(AbstractBeanFactory.java:191)
	at org.springframework.beans.factory.support.AbstractBeanFactory.doGetBean(AbstractBeanFactory.java:283)
	at org.springframework.beans.factory.support.AbstractBeanFactory.getBean(AbstractBeanFactory.java:191)
	at org.springframework.beans.factory.support.BeanDefinitionValueResolver.resolveReference(BeanDefinitionValueResolver.java:328)
	... 121 more
Caused by: org.springframework.beans.factory.BeanCreationException: Error creating bean with name 'sessionFactory' defined in class path resource [alfresco/hibernate-context.xml]: Invocation of init method failed; nested exception is org.hibernate.HibernateException: Hibernate Dialect must be explicitly set
	at org.springframework.beans.factory.support.AbstractAutowireCapableBeanFactory.initializeBean(AbstractAutowireCapableBeanFactory.java:1514)
	at org.springframework.beans.factory.support.AbstractAutowireCapableBeanFactory.doCreateBean(AbstractAutowireCapableBeanFactory.java:521)
	at org.springframework.beans.factory.support.AbstractAutowireCapableBeanFactory.createBean(AbstractAutowireCapableBeanFactory.java:458)
	at org.springframework.beans.factory.support.AbstractBeanFactory$1.getObject(AbstractBeanFactory.java:293)
	at org.springframework.beans.factory.support.DefaultSingletonBeanRegistry.getSingleton(DefaultSingletonBeanRegistry.java:223)
	at org.springframework.beans.factory.support.AbstractBeanFactory.doGetBean(AbstractBeanFactory.java:290)
	at org.springframework.beans.factory.support.AbstractBeanFactory.getBean(AbstractBeanFactory.java:191)
	at org.springframework.beans.factory.support.BeanDefinitionValueResolver.resolveReference(BeanDefinitionValueResolver.java:328)
	... 133 more
Caused by: org.hibernate.HibernateException: Hibernate Dialect must be explicitly set
	at org.hibernate.dialect.DialectFactory.determineDialect(DialectFactory.java:67)
	at org.hibernate.dialect.DialectFactory.buildDialect(DialectFactory.java:47)
	at org.hibernate.cfg.SettingsFactory.determineDialect(SettingsFactory.java:426)
	at org.hibernate.cfg.SettingsFactory.buildSettings(SettingsFactory.java:128)
	at org.hibernate.cfg.Configuration.buildSettings(Configuration.java:2079)
	at org.hibernate.cfg.Configuration.buildSessionFactory(Configuration.java:1304)
	at org.springframework.orm.hibernate3.LocalSessionFactoryBean.newSessionFactory(LocalSessionFactoryBean.java:863)
	at org.springframework.orm.hibernate3.LocalSessionFactoryBean.buildSessionFactory(LocalSessionFactoryBean.java:782)
	at org.springframework.orm.hibernate3.AbstractSessionFactoryBean.afterPropertiesSet(AbstractSessionFactoryBean.java:188)
	at org.springframework.beans.factory.support.AbstractAutowireCapableBeanFactory.invokeInitMethods(AbstractAutowireCapableBeanFactory.java:1573)
	at org.springframework.beans.factory.support.AbstractAutowireCapableBeanFactory.initializeBean(AbstractAutowireCapableBeanFactory.java:1511)
	... 140 more
2018-08-24 04:35:49,298 WARN  [org.alfresco.web.scripts.servlet.X509ServletFilterBase] [localhost-startStop-1] clientAuth does not appear to be set for Tomcat. clientAuth must be set to 'want' for X509 Authentication
2018-08-24 04:35:49,299 WARN  [org.alfresco.web.scripts.servlet.X509ServletFilterBase] [localhost-startStop-1] Attempting to set clientAuth=want through JMX...
2018-08-24 04:35:49,301 WARN  [org.alfresco.web.scripts.servlet.X509ServletFilterBase] [localhost-startStop-1] Unable to set clientAuth=want through JMX.
2018-08-24 04:35:50,812 ERROR [org.apache.solr.core.CoreContainer] [coreLoadExecutor-5-thread-1] Error creating core [collection1]: Could not load conf for core collection1: Error loading solr config from solr/collection1/conf/solrconfig.xml
org.apache.solr.common.SolrException: Could not load conf for core collection1: Error loading solr config from solr/collection1/conf/solrconfig.xml
	at org.apache.solr.core.ConfigSetService.getConfig(ConfigSetService.java:66)
	at org.apache.solr.core.CoreContainer.create(CoreContainer.java:489)
	at org.apache.solr.core.CoreContainer$1.call(CoreContainer.java:255)
	at org.apache.solr.core.CoreContainer$1.call(CoreContainer.java:249)
	at java.util.concurrent.FutureTask.run(FutureTask.java:266)
	at java.util.concurrent.ThreadPoolExecutor.runWorker(ThreadPoolExecutor.java:1149)
	at java.util.concurrent.ThreadPoolExecutor$Worker.run(ThreadPoolExecutor.java:624)
	at java.lang.Thread.run(Thread.java:748)
Caused by: org.apache.solr.common.SolrException: Error loading solr config from solr/collection1/conf/solrconfig.xml
	at org.apache.solr.core.SolrConfig.readFromResourceLoader(SolrConfig.java:154)
	at org.apache.solr.core.ConfigSetService.createSolrConfig(ConfigSetService.java:80)
	at org.apache.solr.core.ConfigSetService.getConfig(ConfigSetService.java:61)
	... 7 more
Caused by: java.io.IOException: Can't find resource 'solrconfig.xml' in classpath or '/home/mhassen/Documents/BashScripts/AlfrescoInstallation/solr/collection1/conf'
	at org.apache.solr.core.SolrResourceLoader.openResource(SolrResourceLoader.java:362)
	at org.apache.solr.core.SolrResourceLoader.openConfig(SolrResourceLoader.java:308)
	at org.apache.solr.core.Config.<init>(Config.java:117)
	at org.apache.solr.core.Config.<init>(Config.java:87)
	at org.apache.solr.core.SolrConfig.<init>(SolrConfig.java:167)
	at org.apache.solr.core.SolrConfig.readFromResourceLoader(SolrConfig.java:145)
	... 9 more
